2025-05-12 21:09:24,206 [1] INFO  - Loaded appender: FileAppenderInternal
2025-05-12 21:09:24,213 [1] INFO  - Loaded appender: FileAppenderExternal
2025-05-12 21:09:24,214 [1] INFO  - Loaded appender: UserLoggerAppender
2025-05-12 21:09:24,214 [1] INFO  - Loaded appender: FileAppenderInternal
2025-05-12 21:09:24,214 [1] INFO  - Loaded appender: FileAppenderExternal
2025-05-12 21:09:24,214 [1] INFO  - Loaded appender: UserLoggerAppender
2025-05-12 21:09:24,510 [9] INFO  - Step 'Start' : Step 'Start' started
2025-05-12 21:09:24,553 [9] INFO  - Step 'Start' ended successfully
2025-05-12 21:09:24,556 [9] INFO  - Step 'Test Flow' : Step 'Test Flow' started
2025-05-12 21:09:24,559 [9] INFO  - Step 'Iteration 1' : Step 'Iteration 1' started
2025-05-12 21:09:24,560 [9] INFO  - Step 'GetFlights4' : Step 'GetFlights4' started
2025-05-12 21:09:24,572 [9] INFO  - Step 'GetFlights4' : Fetching HTTP Url: 'http://localhost:8000/Flights_REST/Flights?DepartureCity=London&ArrivalCity=Paris&Date=12/31/2025 12:00:00 AM'
2025-05-12 21:09:24,615 [9] INFO  - Step 'GetFlights4' : Server returned status code: 200
2025-05-12 21:09:24,617 [9] INFO  - Step 'GetFlights4' : HTTP Raw request:
2025-05-12 21:09:24,618 [9] INFO  - Step 'GetFlights4' : GET http://localhost:8000/Flights_REST/Flights?DepartureCity=London&ArrivalCity=Paris&Date=12/31/2025 12:00:00 AM 1.1
Accept: application/xml
Host: localhost:8000
Connection: Keep-Alive

2025-05-12 21:09:24,619 [9] INFO  - Step 'GetFlights4' : HTTP Raw response:
2025-05-12 21:09:24,620 [9] INFO  - Step 'GetFlights4' : HTTP/1.1 200 OK
Content-Length: 1519
Content-Type: application/xml; charset=utf-8
Date: Mon, 12 May 2025 21:09:24 GMT
Server: Microsoft-HTTPAPI/2.0
<ArrayOfFlight xmlns="HP.SOAQ.SampleApp" xmlns:i="http://www.w3.org/2001/XMLSchema-instance"><Flight><Airline>SR</Airline><ArrivalCity>Paris</ArrivalCity><ArrivalTime>04:19 PM</ArrivalTime><DepartureCity>London</DepartureCity><DepartureTime>02:39 PM</DepartureTime><FlightNumber>11468</FlightNumber><Price>142.2</Price></Flight><Flight><Airline>SR</Airline><ArrivalCity>Paris</ArrivalCity><ArrivalTime>01:55 PM</ArrivalTime><DepartureCity>London</DepartureCity><DepartureTime>12:15 PM</DepartureTime><FlightNumber>12430</FlightNumber><Price>153.4</Price></Flight><Flight><Airline>AF</Airline><ArrivalCity>Paris</ArrivalCity><ArrivalTime>10:00 AM</ArrivalTime><DepartureCity>London</DepartureCity><DepartureTime>08:00 AM</DepartureTime><FlightNumber>12502</FlightNumber><Price>166.5</Price></Flight><Flight><Airline>AF</Airline><ArrivalCity>Paris</ArrivalCity><ArrivalTime>12:24 PM</ArrivalTime><DepartureCity>London</DepartureCity><DepartureTime>10:24 AM</DepartureTime><FlightNumber>12506</FlightNumber><Price>162.9</Price></Flight><Flight><Airline>AF</Airline><ArrivalCity>Paris</ArrivalCity><ArrivalTime>02:48 PM</ArrivalTime><DepartureCity>London</DepartureCity><DepartureTime>12:48 PM</DepartureTime><FlightNumber>12510</FlightNumber><Price>165.6</Price></Flight><Flight><Airline>AF</Airline><ArrivalCity>Paris</ArrivalCity><ArrivalTime>05:12 PM</ArrivalTime><DepartureCity>London</DepartureCity><DepartureTime>03:12 PM</DepartureTime><FlightNumber>12514</FlightNumber><Price>163.6</Price></Flight></ArrayOfFlight>
2025-05-12 21:09:24,626 [9] INFO  - Step 'GetFlights4' ended successfully
2025-05-12 21:09:24,627 [9] INFO  - Step 'Iteration 1' ended successfully
2025-05-12 21:09:24,629 [9] INFO  - Step 'Test Flow' ended successfully
2025-05-12 21:09:24,630 [9] INFO  - Step 'End' : Step 'End' started
2025-05-12 21:09:24,643 [9] INFO  - Step 'End' ended successfully
